<?xml version="1.0" encoding="UTF-8"?>
<testsuite xmlns:xsi="http://www.w3.org/2001/XMLSchema-instance" xsi:noNamespaceSchemaLocation="https://maven.apache.org/surefire/maven-surefire-plugin/xsd/surefire-test-report-3.0.xsd" version="3.0" name="com.dam.carritocompra.CarritoAutocorreccionTest" time="0.042" tests="1" errors="0" skipped="0" failures="0">
  <properties>
[...]
</properties>
  <testcase name="autocorreccion_carrito_poo" classname="com.dam.carritocompra.CarritoAutocorreccionTest" time="0.027">
    <system-out><![CDATA[Autor: Ismael Botana Castro
Fecha: 26/05/2026 11:53:28
=====================================

========================================
AUTOCORRECCIÓN - CARRITO POO
========================================
Producto básico ............ OK (0.5 puntos)
Productos especializados ... OK (0.5 puntos)
Carrito y totales .......... OK (1.5 puntos)
Tienda.comprar ............. OK (1.5 puntos)
----------------------------------------
PUNTOS OBTENIDOS: 4.0 / 4.0
========================================
]]></system-out>
  </testcase>
</testsuite>